Base path: C:/Program Files/Unity/Editor/Data
Pipe name: \\.\pipe\UnityShaderCompiler-64bit-1-128
Cmd: getPlatforms
Cmd: preprocess
  insize=10730 outsize=4126 ok=1
Cmd: compileSnippet
  api=4 type=0 insize=3782 outsize=2403 kw=DIRECTIONAL SHADOWS_OFF LIGHTMAP_OFF DIRLIGHTMAP_OFF DYNAMICLIGHTMAP_OFF pd= ok=1
Cmd: compileSnippet
  api=4 type=1 insize=3782 outsize=2939 kw=DIRECTIONAL SHADOWS_OFF LIGHTMAP_OFF DIRLIGHTMAP_OFF DYNAMICLIGHTMAP_OFF pd= ok=1
Cmd: compileSnippet
  api=4 type=0 insize=3498 outsize=2858 kw=POINT SHADOWS_OFF pd= ok=1
Cmd: compileSnippet
  api=4 type=1 insize=3498 outsize=2874 kw=POINT SHADOWS_OFF pd= ok=1
Cmd: compileSnippet
  api=4 type=0 insize=3498 outsize=2403 kw=DIRECTIONAL SHADOWS_OFF pd= ok=1
Cmd: compileSnippet
  api=4 type=1 insize=3498 outsize=2558 kw=DIRECTIONAL SHADOWS_OFF pd= ok=1
Cmd: preprocess
  insize=10470 outsize=4017 ok=1
Cmd: compileSnippet
  api=4 type=0 insize=3706 outsize=2403 kw=DIRECTIONAL SHADOWS_OFF LIGHTMAP_OFF DIRLIGHTMAP_OFF DYNAMICLIGHTMAP_OFF pd= ok=1
Cmd: compileSnippet
  api=4 type=1 insize=3706 outsize=2736 kw=DIRECTIONAL SHADOWS_OFF LIGHTMAP_OFF DIRLIGHTMAP_OFF DYNAMICLIGHTMAP_OFF pd= ok=1
Cmd: compileSnippet
  api=4 type=0 insize=3422 outsize=2858 kw=POINT SHADOWS_OFF pd= ok=1
Cmd: compileSnippet
  api=4 type=1 insize=3422 outsize=2671 kw=POINT SHADOWS_OFF pd= ok=1
Cmd: compileSnippet
  api=4 type=0 insize=3422 outsize=2403 kw=DIRECTIONAL SHADOWS_OFF pd= ok=1
Cmd: compileSnippet
  api=4 type=1 insize=3422 outsize=2354 kw=DIRECTIONAL SHADOWS_OFF pd= ok=1
Cmd: preprocess
  insize=10470 outsize=4017 ok=1
Cmd: preprocess
  insize=10470 outsize=4017 ok=1
Cmd: preprocess
  insize=997 outsize=1279 ok=1
Cmd: preprocess
  insize=2433 outsize=1412 ok=1
Cmd: preprocess
  insize=7197 outsize=2053 ok=1
Cmd: compileSnippet
  api=4 type=0 insize=2951 outsize=2403 kw=DIRECTIONAL SHADOWS_OFF LIGHTMAP_OFF DIRLIGHTMAP_OFF DYNAMICLIGHTMAP_OFF pd= ok=1
Cmd: compileSnippet
  api=4 type=1 insize=2951 outsize=1639 kw=DIRECTIONAL SHADOWS_OFF LIGHTMAP_OFF DIRLIGHTMAP_OFF DYNAMICLIGHTMAP_OFF pd= ok=1
Cmd: compileSnippet
  api=4 type=0 insize=2867 outsize=2858 kw=POINT SHADOWS_OFF pd= ok=1
Cmd: compileSnippet
  api=4 type=1 insize=2867 outsize=1932 kw=POINT SHADOWS_OFF pd= ok=1
Cmd: compileSnippet
  api=4 type=0 insize=2867 outsize=2403 kw=DIRECTIONAL SHADOWS_OFF pd= ok=1
Cmd: compileSnippet
  api=4 type=1 insize=2867 outsize=1615 kw=DIRECTIONAL SHADOWS_OFF pd= ok=1
Cmd: preprocess
  insize=7711 outsize=2567 ok=1
Cmd: preprocess
  insize=9156 outsize=3167 ok=1
Cmd: compileSnippet
  api=4 type=0 insize=3374 outsize=2403 kw=DIRECTIONAL SHADOWS_OFF LIGHTMAP_OFF DIRLIGHTMAP_OFF DYNAMICLIGHTMAP_OFF pd= ok=1
Cmd: compileSnippet
  api=4 type=1 insize=3374 outsize=2281 kw=DIRECTIONAL SHADOWS_OFF LIGHTMAP_OFF DIRLIGHTMAP_OFF DYNAMICLIGHTMAP_OFF pd= ok=1
Cmd: compileSnippet
  api=4 type=0 insize=3290 outsize=2858 kw=POINT SHADOWS_OFF pd= ok=1
Cmd: compileSnippet
  api=4 type=1 insize=3290 outsize=2574 kw=POINT SHADOWS_OFF pd= ok=1
Cmd: compileSnippet
  api=4 type=0 insize=3290 outsize=2403 kw=DIRECTIONAL SHADOWS_OFF pd= ok=1
Cmd: compileSnippet
  api=4 type=1 insize=3290 outsize=2257 kw=DIRECTIONAL SHADOWS_OFF pd= ok=1
Cmd: preprocess
  insize=9156 outsize=3167 ok=1
Cmd: preprocess
  insize=9156 outsize=3167 ok=1
Cmd: preprocess
  insize=8786 outsize=3166 ok=1
Cmd: compileSnippet
  api=4 type=0 insize=3189 outsize=2403 kw=DIRECTIONAL SHADOWS_OFF LIGHTMAP_OFF DIRLIGHTMAP_OFF DYNAMICLIGHTMAP_OFF pd= ok=1
Cmd: compileSnippet
  api=4 type=1 insize=3189 outsize=2005 kw=DIRECTIONAL SHADOWS_OFF LIGHTMAP_OFF DIRLIGHTMAP_OFF DYNAMICLIGHTMAP_OFF pd= ok=1
Cmd: compileSnippet
  api=4 type=0 insize=3105 outsize=2858 kw=POINT SHADOWS_OFF pd= ok=1
Cmd: compileSnippet
  api=4 type=1 insize=3105 outsize=2298 kw=POINT SHADOWS_OFF pd= ok=1
Cmd: compileSnippet
  api=4 type=0 insize=3105 outsize=2403 kw=DIRECTIONAL SHADOWS_OFF pd= ok=1
Cmd: compileSnippet
  api=4 type=1 insize=3105 outsize=1981 kw=DIRECTIONAL SHADOWS_OFF pd= ok=1
Cmd: preprocess
  insize=8786 outsize=3166 ok=1
Cmd: preprocess
  insize=8463 outsize=2843 ok=1
Cmd: compileSnippet
  api=4 type=0 insize=3189 outsize=2403 kw=DIRECTIONAL SHADOWS_OFF LIGHTMAP_OFF DIRLIGHTMAP_OFF DYNAMICLIGHTMAP_OFF pd= ok=1
Cmd: compileSnippet
  api=4 type=1 insize=3189 outsize=2005 kw=DIRECTIONAL SHADOWS_OFF LIGHTMAP_OFF DIRLIGHTMAP_OFF DYNAMICLIGHTMAP_OFF pd= ok=1
Cmd: compileSnippet
  api=4 type=0 insize=3105 outsize=2858 kw=POINT SHADOWS_OFF pd= ok=1
Cmd: compileSnippet
  api=4 type=1 insize=3105 outsize=2298 kw=POINT SHADOWS_OFF pd= ok=1
Cmd: compileSnippet
  api=4 type=0 insize=3105 outsize=2403 kw=DIRECTIONAL SHADOWS_OFF pd= ok=1
Cmd: compileSnippet
  api=4 type=1 insize=3105 outsize=1981 kw=DIRECTIONAL SHADOWS_OFF pd= ok=1
Cmd: preprocess
  insize=9156 outsize=3166 ok=1
Cmd: compileSnippet
  api=4 type=0 insize=3374 outsize=2403 kw=DIRECTIONAL SHADOWS_OFF LIGHTMAP_OFF DIRLIGHTMAP_OFF DYNAMICLIGHTMAP_OFF pd= ok=1
Cmd: compileSnippet
  api=4 type=1 insize=3374 outsize=2281 kw=DIRECTIONAL SHADOWS_OFF LIGHTMAP_OFF DIRLIGHTMAP_OFF DYNAMICLIGHTMAP_OFF pd= ok=1
Cmd: compileSnippet
  api=4 type=0 insize=3290 outsize=2858 kw=POINT SHADOWS_OFF pd= ok=1
Cmd: compileSnippet
  api=4 type=1 insize=3290 outsize=2574 kw=POINT SHADOWS_OFF pd= ok=1
Cmd: compileSnippet
  api=4 type=0 insize=3290 outsize=2403 kw=DIRECTIONAL SHADOWS_OFF pd= ok=1
Cmd: compileSnippet
  api=4 type=1 insize=3290 outsize=2257 kw=DIRECTIONAL SHADOWS_OFF pd= ok=1
Cmd: preprocess
  insize=9299 outsize=3290 ok=1
Cmd: compileSnippet
  api=4 type=0 insize=3384 outsize=2403 kw=DIRECTIONAL SHADOWS_OFF LIGHTMAP_OFF DIRLIGHTMAP_OFF DYNAMICLIGHTMAP_OFF pd= ok=1
Cmd: compileSnippet
  api=4 type=1 insize=3384 outsize=2363 kw=DIRECTIONAL SHADOWS_OFF LIGHTMAP_OFF DIRLIGHTMAP_OFF DYNAMICLIGHTMAP_OFF pd= ok=1
Cmd: compileSnippet
  api=4 type=0 insize=3300 outsize=2858 kw=POINT SHADOWS_OFF pd= ok=1
Cmd: compileSnippet
  api=4 type=1 insize=3300 outsize=2655 kw=POINT SHADOWS_OFF pd= ok=1
Cmd: compileSnippet
  api=4 type=0 insize=3300 outsize=2403 kw=DIRECTIONAL SHADOWS_OFF pd= ok=1
Cmd: compileSnippet
  api=4 type=1 insize=3300 outsize=2338 kw=DIRECTIONAL SHADOWS_OFF pd= ok=1
Cmd: preprocess
  insize=10470 outsize=4017 ok=1
Cmd: preprocess
  insize=1005 outsize=1287 ok=1
Cmd: preprocess
  insize=2441 outsize=1420 ok=1
Cmd: preprocess
  insize=7967 outsize=2824 ok=1
Cmd: compileSnippet
  api=4 type=0 insize=2951 outsize=2403 kw=DIRECTIONAL SHADOWS_OFF LIGHTMAP_OFF DIRLIGHTMAP_OFF DYNAMICLIGHTMAP_OFF pd= ok=1
Cmd: compileSnippet
  api=4 type=1 insize=2951 outsize=1639 kw=DIRECTIONAL SHADOWS_OFF LIGHTMAP_OFF DIRLIGHTMAP_OFF DYNAMICLIGHTMAP_OFF pd= ok=1
Cmd: compileSnippet
  api=4 type=0 insize=2867 outsize=2858 kw=POINT SHADOWS_OFF pd= ok=1
Cmd: compileSnippet
  api=4 type=1 insize=2867 outsize=1932 kw=POINT SHADOWS_OFF pd= ok=1
Cmd: compileSnippet
  api=4 type=0 insize=2867 outsize=2403 kw=DIRECTIONAL SHADOWS_OFF pd= ok=1
Cmd: compileSnippet
  api=4 type=1 insize=2867 outsize=1615 kw=DIRECTIONAL SHADOWS_OFF pd= ok=1
Cmd: preprocess
  insize=10022 outsize=2958 ok=1
Cmd: compileSnippet
  api=4 type=0 insize=3998 outsize=3451 kw=DIRECTIONAL SHADOWS_OFF LIGHTMAP_OFF DIRLIGHTMAP_OFF DYNAMICLIGHTMAP_OFF pd= ok=1
Cmd: compileSnippet
  api=4 type=1 insize=3998 outsize=2939 kw=DIRECTIONAL SHADOWS_OFF LIGHTMAP_OFF DIRLIGHTMAP_OFF DYNAMICLIGHTMAP_OFF pd= ok=1
Cmd: compileSnippet
  api=4 type=0 insize=3742 outsize=3906 kw=POINT SHADOWS_OFF pd= ok=1
Cmd: compileSnippet
  api=4 type=1 insize=3742 outsize=2996 kw=POINT SHADOWS_OFF pd= ok=1
Cmd: compileSnippet
  api=4 type=0 insize=3742 outsize=3451 kw=DIRECTIONAL SHADOWS_OFF pd= ok=1
Cmd: compileSnippet
  api=4 type=1 insize=3742 outsize=2679 kw=DIRECTIONAL SHADOWS_OFF pd= ok=1
Cmd: preprocess
  insize=9996 outsize=3064 ok=1
Cmd: compileSnippet
  api=4 type=0 insize=3844 outsize=3451 kw=DIRECTIONAL SHADOWS_OFF LIGHTMAP_OFF DIRLIGHTMAP_OFF DYNAMICLIGHTMAP_OFF pd= ok=1
Cmd: compileSnippet
  api=4 type=1 insize=3844 outsize=2939 kw=DIRECTIONAL SHADOWS_OFF LIGHTMAP_OFF DIRLIGHTMAP_OFF DYNAMICLIGHTMAP_OFF pd= ok=1
Cmd: compileSnippet
  api=4 type=0 insize=3730 outsize=3906 kw=POINT pd= ok=1
Cmd: compileSnippet
  api=4 type=1 insize=3730 outsize=2996 kw=POINT pd= ok=1
Cmd: compileSnippet
  api=4 type=0 insize=3730 outsize=3451 kw=DIRECTIONAL pd= ok=1
Cmd: compileSnippet
  api=4 type=1 insize=3730 outsize=2679 kw=DIRECTIONAL pd= ok=1
Cmd: preprocess
  insize=10449 outsize=3426 ok=1
Cmd: compileSnippet
  api=4 type=0 insize=3891 outsize=3451 kw=DIRECTIONAL SHADOWS_OFF LIGHTMAP_OFF DIRLIGHTMAP_OFF DYNAMICLIGHTMAP_OFF pd= ok=1
Cmd: compileSnippet
  api=4 type=1 insize=3891 outsize=2948 kw=DIRECTIONAL SHADOWS_OFF LIGHTMAP_OFF DIRLIGHTMAP_OFF DYNAMICLIGHTMAP_OFF pd= ok=1
Cmd: compileSnippet
  api=4 type=0 insize=3777 outsize=3906 kw=POINT pd= ok=1
Cmd: compileSnippet
  api=4 type=1 insize=3777 outsize=3061 kw=POINT pd= ok=1
Cmd: compileSnippet
  api=4 type=0 insize=3777 outsize=3451 kw=DIRECTIONAL pd= ok=1
Cmd: compileSnippet
  api=4 type=1 insize=3777 outsize=2744 kw=DIRECTIONAL pd= ok=1
Cmd: preprocess
  insize=12646 outsize=3887 ok=1
Cmd: compileSnippet
  api=4 type=0 insize=4114 outsize=3451 kw=DIRECTIONAL SHADOWS_OFF LIGHTMAP_OFF DIRLIGHTMAP_OFF DYNAMICLIGHTMAP_OFF pd= ok=1
Cmd: compileSnippet
  api=4 type=1 insize=4114 outsize=3329 kw=DIRECTIONAL SHADOWS_OFF LIGHTMAP_OFF DIRLIGHTMAP_OFF DYNAMICLIGHTMAP_OFF pd= ok=1
Cmd: compileSnippet
  api=4 type=0 insize=4000 outsize=3906 kw=POINT pd= ok=1
Cmd: compileSnippet
  api=4 type=1 insize=4000 outsize=3443 kw=POINT pd= ok=1
Cmd: compileSnippet
  api=4 type=0 insize=1630 outsize=1388 kw=SHADOWS_DEPTH pd= ok=1
Cmd: compileSnippet
  api=4 type=1 insize=1630 outsize=981 kw=SHADOWS_DEPTH pd= ok=1
Cmd: compileSnippet
  api=4 type=0 insize=4000 outsize=3451 kw=DIRECTIONAL pd= ok=1
Cmd: compileSnippet
  api=4 type=1 insize=4000 outsize=3126 kw=DIRECTIONAL pd= ok=1
Cmd: preprocess
  insize=12646 outsize=3887 ok=1
Cmd: preprocess
  insize=12646 outsize=3887 ok=1
Cmd: preprocess
  insize=12646 outsize=3887 ok=1
Cmd: preprocess
  insize=12646 outsize=3887 ok=1
Cmd: preprocess
  insize=12650 outsize=3891 ok=1
Cmd: preprocess
  insize=12654 outsize=3895 ok=1
Cmd: preprocess
  insize=12650 outsize=3891 ok=1
Cmd: preprocess
  insize=10444 outsize=4125 ok=1
Cmd: compileSnippet
  api=4 type=0 insize=3552 outsize=2403 kw=DIRECTIONAL SHADOWS_OFF LIGHTMAP_OFF DIRLIGHTMAP_OFF DYNAMICLIGHTMAP_OFF pd= ok=1
Cmd: compileSnippet
  api=4 type=1 insize=3552 outsize=2736 kw=DIRECTIONAL SHADOWS_OFF LIGHTMAP_OFF DIRLIGHTMAP_OFF DYNAMICLIGHTMAP_OFF pd= ok=1
Cmd: compileSnippet
  api=4 type=0 insize=3410 outsize=2858 kw=POINT pd= ok=1
Cmd: compileSnippet
  api=4 type=1 insize=3410 outsize=2671 kw=POINT pd= ok=1
Cmd: compileSnippet
  api=4 type=0 insize=3410 outsize=2403 kw=DIRECTIONAL pd= ok=1
Cmd: compileSnippet
  api=4 type=1 insize=3410 outsize=2354 kw=DIRECTIONAL pd= ok=1
Cmd: preprocess
  insize=10616 outsize=4292 ok=1
Cmd: compileSnippet
  api=4 type=0 insize=3554 outsize=2403 kw=DIRECTIONAL SHADOWS_OFF LIGHTMAP_OFF DIRLIGHTMAP_OFF DYNAMICLIGHTMAP_OFF pd= ok=1
Cmd: compileSnippet
  api=4 type=1 insize=3554 outsize=2736 kw=DIRECTIONAL SHADOWS_OFF LIGHTMAP_OFF DIRLIGHTMAP_OFF DYNAMICLIGHTMAP_OFF pd= ok=1
Cmd: compileSnippet
  api=4 type=0 insize=3412 outsize=2858 kw=POINT pd= ok=1
Cmd: compileSnippet
  api=4 type=1 insize=3412 outsize=673 kw=POINT pd= ok=1
Cmd: compileSnippet
  api=4 type=0 insize=3412 outsize=2403 kw=DIRECTIONAL pd= ok=1
Cmd: compileSnippet
  api=4 type=1 insize=3412 outsize=624 kw=DIRECTIONAL pd= ok=1
Cmd: preprocess
  insize=10616 outsize=4292 ok=1
Cmd: compileSnippet
  api=4 type=0 insize=3554 outsize=2403 kw=DIRECTIONAL SHADOWS_OFF LIGHTMAP_OFF DIRLIGHTMAP_OFF DYNAMICLIGHTMAP_OFF pd= ok=1
Cmd: compileSnippet
  api=4 type=1 insize=3554 outsize=2736 kw=DIRECTIONAL SHADOWS_OFF LIGHTMAP_OFF DIRLIGHTMAP_OFF DYNAMICLIGHTMAP_OFF pd= ok=1
Cmd: compileSnippet
  api=4 type=0 insize=3412 outsize=2858 kw=POINT pd= ok=1
Cmd: compileSnippet
  api=4 type=1 insize=3412 outsize=2671 kw=POINT pd= ok=1
Cmd: compileSnippet
  api=4 type=0 insize=3412 outsize=2403 kw=DIRECTIONAL pd= ok=1
Cmd: compileSnippet
  api=4 type=1 insize=3412 outsize=2354 kw=DIRECTIONAL pd= ok=1
Cmd: preprocess
  insize=10616 outsize=4292 ok=1
Cmd: compileSnippet
  api=4 type=0 insize=3554 outsize=2403 kw=DIRECTIONAL SHADOWS_OFF LIGHTMAP_OFF DIRLIGHTMAP_OFF DYNAMICLIGHTMAP_OFF pd= ok=1
Cmd: compileSnippet
  api=4 type=1 insize=3554 outsize=2736 kw=DIRECTIONAL SHADOWS_OFF LIGHTMAP_OFF DIRLIGHTMAP_OFF DYNAMICLIGHTMAP_OFF pd= ok=1
Cmd: compileSnippet
  api=4 type=0 insize=3412 outsize=2858 kw=POINT pd= ok=1
Cmd: compileSnippet
  api=4 type=1 insize=3412 outsize=2753 kw=POINT pd= ok=1
Cmd: compileSnippet
  api=4 type=0 insize=3412 outsize=2403 kw=DIRECTIONAL pd= ok=1
Cmd: compileSnippet
  api=4 type=1 insize=3412 outsize=2436 kw=DIRECTIONAL pd= ok=1
Cmd: preprocess
  insize=10616 outsize=4292 ok=1
Cmd: compileSnippet
  api=4 type=0 insize=3554 outsize=2403 kw=DIRECTIONAL SHADOWS_OFF LIGHTMAP_OFF DIRLIGHTMAP_OFF DYNAMICLIGHTMAP_OFF pd= ok=1
Cmd: compileSnippet
  api=4 type=1 insize=3554 outsize=2736 kw=DIRECTIONAL SHADOWS_OFF LIGHTMAP_OFF DIRLIGHTMAP_OFF DYNAMICLIGHTMAP_OFF pd= ok=1
Cmd: compileSnippet
  api=4 type=0 insize=3412 outsize=2858 kw=POINT pd= ok=1
Cmd: compileSnippet
  api=4 type=1 insize=3412 outsize=2753 kw=POINT pd= ok=1
Cmd: compileSnippet
  api=4 type=0 insize=3412 outsize=2403 kw=DIRECTIONAL pd= ok=1
Cmd: compileSnippet
  api=4 type=1 insize=3412 outsize=2436 kw=DIRECTIONAL pd= ok=1
Cmd: preprocess
  insize=12645 outsize=3886 ok=1
Cmd: preprocess
  insize=12650 outsize=3891 ok=1
Cmd: preprocess
  insize=12606 outsize=3847 ok=1
Cmd: compileSnippet
  api=4 type=0 insize=4114 outsize=3451 kw=DIRECTIONAL SHADOWS_OFF LIGHTMAP_OFF DIRLIGHTMAP_OFF DYNAMICLIGHTMAP_OFF pd= ok=1
Cmd: compileSnippet
  api=4 type=1 insize=4114 outsize=3329 kw=DIRECTIONAL SHADOWS_OFF LIGHTMAP_OFF DIRLIGHTMAP_OFF DYNAMICLIGHTMAP_OFF pd= ok=1
Cmd: compileSnippet
  api=4 type=0 insize=4000 outsize=3906 kw=POINT pd= ok=1
Cmd: compileSnippet
  api=4 type=1 insize=4000 outsize=3443 kw=POINT pd= ok=1
Cmd: compileSnippet
  api=4 type=0 insize=1630 outsize=1388 kw=SHADOWS_DEPTH pd= ok=1
Cmd: compileSnippet
  api=4 type=1 insize=1630 outsize=981 kw=SHADOWS_DEPTH pd= ok=1
Cmd: compileSnippet
  api=4 type=0 insize=4000 outsize=3451 kw=DIRECTIONAL pd= ok=1
Cmd: compileSnippet
  api=4 type=1 insize=4000 outsize=3126 kw=DIRECTIONAL pd= ok=1
Cmd: preprocess
  insize=1000 outsize=1282 ok=1
Cmd: preprocess
  insize=2434 outsize=1413 ok=1
Cmd: preprocess
  insize=7198 outsize=2054 ok=1
Cmd: compileSnippet
  api=4 type=0 insize=2951 outsize=2403 kw=DIRECTIONAL SHADOWS_OFF LIGHTMAP_OFF DIRLIGHTMAP_OFF DYNAMICLIGHTMAP_OFF pd= ok=1
Cmd: compileSnippet
  api=4 type=1 insize=2951 outsize=1639 kw=DIRECTIONAL SHADOWS_OFF LIGHTMAP_OFF DIRLIGHTMAP_OFF DYNAMICLIGHTMAP_OFF pd= ok=1
Cmd: compileSnippet
  api=4 type=0 insize=2867 outsize=2858 kw=POINT SHADOWS_OFF pd= ok=1
Cmd: compileSnippet
  api=4 type=1 insize=2867 outsize=1932 kw=POINT SHADOWS_OFF pd= ok=1
Cmd: compileSnippet
  api=4 type=0 insize=2867 outsize=2403 kw=DIRECTIONAL SHADOWS_OFF pd= ok=1
Cmd: compileSnippet
  api=4 type=1 insize=2867 outsize=1615 kw=DIRECTIONAL SHADOWS_OFF pd= ok=1
Cmd: preprocess
  insize=7846 outsize=2385 ok=1
Cmd: compileSnippet
  api=4 type=0 insize=3197 outsize=2403 kw=DIRECTIONAL SHADOWS_OFF LIGHTMAP_OFF DIRLIGHTMAP_OFF DYNAMICLIGHTMAP_OFF pd= ok=1
Cmd: compileSnippet
  api=4 type=1 insize=3197 outsize=1875 kw=DIRECTIONAL SHADOWS_OFF LIGHTMAP_OFF DIRLIGHTMAP_OFF DYNAMICLIGHTMAP_OFF pd= ok=1
Cmd: compileSnippet
  api=4 type=0 insize=2939 outsize=2858 kw=POINT SHADOWS_OFF pd= ok=1
Cmd: compileSnippet
  api=4 type=1 insize=2939 outsize=1932 kw=POINT SHADOWS_OFF pd= ok=1
Cmd: compileSnippet
  api=4 type=0 insize=2939 outsize=2403 kw=DIRECTIONAL SHADOWS_OFF pd= ok=1
Cmd: compileSnippet
  api=4 type=1 insize=2939 outsize=1615 kw=DIRECTIONAL SHADOWS_OFF pd= ok=1
Cmd: preprocess
  insize=9798 outsize=2710 ok=1
Cmd: compileSnippet
  api=4 type=0 insize=4010 outsize=3451 kw=DIRECTIONAL SHADOWS_OFF LIGHTMAP_OFF DIRLIGHTMAP_OFF DYNAMICLIGHTMAP_OFF pd= ok=1
Cmd: compileSnippet
  api=4 type=1 insize=4010 outsize=2939 kw=DIRECTIONAL SHADOWS_OFF LIGHTMAP_OFF DIRLIGHTMAP_OFF DYNAMICLIGHTMAP_OFF pd= ok=1
Cmd: compileSnippet
  api=4 type=0 insize=3754 outsize=3906 kw=POINT SHADOWS_OFF pd= ok=1
Cmd: compileSnippet
  api=4 type=1 insize=3754 outsize=2996 kw=POINT SHADOWS_OFF pd= ok=1
Cmd: compileSnippet
  api=4 type=0 insize=3754 outsize=3451 kw=DIRECTIONAL SHADOWS_OFF pd= ok=1
Cmd: compileSnippet
  api=4 type=1 insize=3754 outsize=2679 kw=DIRECTIONAL SHADOWS_OFF pd= ok=1
Cmd: preprocess
  insize=10181 outsize=3131 ok=1
Cmd: compileSnippet
  api=4 type=0 insize=3903 outsize=3451 kw=DIRECTIONAL SHADOWS_OFF LIGHTMAP_OFF DIRLIGHTMAP_OFF DYNAMICLIGHTMAP_OFF pd= ok=1
Cmd: compileSnippet
  api=4 type=1 insize=3903 outsize=2948 kw=DIRECTIONAL SHADOWS_OFF LIGHTMAP_OFF DIRLIGHTMAP_OFF DYNAMICLIGHTMAP_OFF pd= ok=1
Cmd: compileSnippet
  api=4 type=0 insize=3789 outsize=3906 kw=POINT pd= ok=1
Cmd: compileSnippet
  api=4 type=1 insize=3789 outsize=3061 kw=POINT pd= ok=1
Cmd: compileSnippet
  api=4 type=0 insize=3789 outsize=3451 kw=DIRECTIONAL pd= ok=1
Cmd: compileSnippet
  api=4 type=1 insize=3789 outsize=2744 kw=DIRECTIONAL pd= ok=1
Cmd: preprocess
  insize=10181 outsize=3131 ok=1
Cmd: preprocess
  insize=10225 outsize=3177 ok=1
Cmd: compileSnippet
  api=4 type=0 insize=3903 outsize=3451 kw=DIRECTIONAL SHADOWS_OFF LIGHTMAP_OFF DIRLIGHTMAP_OFF DYNAMICLIGHTMAP_OFF pd= ok=1
Cmd: compileSnippet
  api=4 type=1 insize=3903 outsize=2948 kw=DIRECTIONAL SHADOWS_OFF LIGHTMAP_OFF DIRLIGHTMAP_OFF DYNAMICLIGHTMAP_OFF pd= ok=1
Cmd: compileSnippet
  api=4 type=0 insize=3789 outsize=3906 kw=POINT pd= ok=1
Cmd: compileSnippet
  api=4 type=1 insize=3789 outsize=3061 kw=POINT pd= ok=1
Cmd: compileSnippet
  api=4 type=0 insize=3789 outsize=3451 kw=DIRECTIONAL pd= ok=1
Cmd: compileSnippet
  api=4 type=1 insize=3789 outsize=2744 kw=DIRECTIONAL pd= ok=1
Cmd: preprocess
  insize=10220 outsize=3260 ok=1
Cmd: compileSnippet
  api=4 type=0 insize=3858 outsize=3451 kw=DIRECTIONAL SHADOWS_OFF LIGHTMAP_OFF DIRLIGHTMAP_OFF DYNAMICLIGHTMAP_OFF pd= ok=1
Cmd: compileSnippet
  api=4 type=1 insize=3858 outsize=2939 kw=DIRECTIONAL SHADOWS_OFF LIGHTMAP_OFF DIRLIGHTMAP_OFF DYNAMICLIGHTMAP_OFF pd= ok=1
Cmd: compileSnippet
  api=4 type=0 insize=3744 outsize=3906 kw=POINT pd= ok=1
Cmd: compileSnippet
  api=4 type=1 insize=3744 outsize=770 kw=POINT pd= ok=1
Cmd: compileSnippet
  api=4 type=0 insize=3744 outsize=3451 kw=DIRECTIONAL pd= ok=1
Cmd: compileSnippet
  api=4 type=1 insize=3744 outsize=721 kw=DIRECTIONAL pd= ok=1
Cmd: preprocess
  insize=10220 outsize=3260 ok=1
Cmd: compileSnippet
  api=4 type=0 insize=3858 outsize=3451 kw=DIRECTIONAL SHADOWS_OFF LIGHTMAP_OFF DIRLIGHTMAP_OFF DYNAMICLIGHTMAP_OFF pd= ok=1
Cmd: compileSnippet
  api=4 type=1 insize=3858 outsize=2939 kw=DIRECTIONAL SHADOWS_OFF LIGHTMAP_OFF DIRLIGHTMAP_OFF DYNAMICLIGHTMAP_OFF pd= ok=1
Cmd: compileSnippet
  api=4 type=0 insize=3744 outsize=3906 kw=POINT pd= ok=1
Cmd: compileSnippet
  api=4 type=1 insize=3744 outsize=2996 kw=POINT pd= ok=1
Cmd: compileSnippet
  api=4 type=0 insize=3744 outsize=3451 kw=DIRECTIONAL pd= ok=1
Cmd: compileSnippet
  api=4 type=1 insize=3744 outsize=2679 kw=DIRECTIONAL pd= ok=1
Cmd: preprocess
  insize=8268 outsize=2934 ok=1
Cmd: compileSnippet
  api=4 type=0 insize=3045 outsize=2403 kw=DIRECTIONAL SHADOWS_OFF LIGHTMAP_OFF DIRLIGHTMAP_OFF DYNAMICLIGHTMAP_OFF pd= ok=1
Cmd: compileSnippet
  api=4 type=1 insize=3045 outsize=1875 kw=DIRECTIONAL SHADOWS_OFF LIGHTMAP_OFF DIRLIGHTMAP_OFF DYNAMICLIGHTMAP_OFF pd= ok=1
Cmd: compileSnippet
  api=4 type=0 insize=2929 outsize=2858 kw=POINT pd= ok=1
Cmd: compileSnippet
  api=4 type=1 insize=2929 outsize=1932 kw=POINT pd= ok=1
Cmd: compileSnippet
  api=4 type=0 insize=2929 outsize=2403 kw=DIRECTIONAL pd= ok=1
Cmd: compileSnippet
  api=4 type=1 insize=2929 outsize=1615 kw=DIRECTIONAL pd= ok=1
Cmd: preprocess
  insize=7820 outsize=2491 ok=1
Cmd: compileSnippet
  api=4 type=0 insize=3043 outsize=2403 kw=DIRECTIONAL SHADOWS_OFF LIGHTMAP_OFF DIRLIGHTMAP_OFF DYNAMICLIGHTMAP_OFF pd= ok=1
Cmd: compileSnippet
  api=4 type=1 insize=3043 outsize=1875 kw=DIRECTIONAL SHADOWS_OFF LIGHTMAP_OFF DIRLIGHTMAP_OFF DYNAMICLIGHTMAP_OFF pd= ok=1
Cmd: compileSnippet
  api=4 type=0 insize=2927 outsize=2858 kw=POINT pd= ok=1
Cmd: compileSnippet
  api=4 type=1 insize=2927 outsize=1932 kw=POINT pd= ok=1
Cmd: compileSnippet
  api=4 type=0 insize=2927 outsize=2403 kw=DIRECTIONAL pd= ok=1
Cmd: compileSnippet
  api=4 type=1 insize=2927 outsize=1615 kw=DIRECTIONAL pd= ok=1
Cmd: preprocess
  insize=7846 outsize=2385 ok=1
Cmd: preprocess
  insize=7820 outsize=2491 ok=1
Cmd: preprocess
  insize=2552 outsize=1543 ok=1
Cmd: compileSnippet
  api=4 type=0 insize=1345 outsize=778 kw=DIRECTIONAL SHADOWS_OFF LIGHTMAP_OFF DIRLIGHTMAP_OFF DYNAMICLIGHTMAP_OFF pd= ok=1
Cmd: compileSnippet
  api=4 type=1 insize=1345 outsize=453 kw=DIRECTIONAL SHADOWS_OFF LIGHTMAP_OFF DIRLIGHTMAP_OFF DYNAMICLIGHTMAP_OFF pd= ok=1
Cmd: preprocess
  insize=10982 outsize=4568 ok=1
Cmd: compileSnippet
  api=4 type=0 insize=3599 outsize=2403 kw=DIRECTIONAL SHADOWS_OFF LIGHTMAP_OFF DIRLIGHTMAP_OFF DYNAMICLIGHTMAP_OFF pd= ok=1
Cmd: compileSnippet
  api=4 type=1 insize=3599 outsize=2744 kw=DIRECTIONAL SHADOWS_OFF LIGHTMAP_OFF DIRLIGHTMAP_OFF DYNAMICLIGHTMAP_OFF pd= ok=1
Cmd: compileSnippet
  api=4 type=0 insize=3457 outsize=2858 kw=POINT pd= ok=1
Cmd: compileSnippet
  api=4 type=1 insize=3457 outsize=2736 kw=POINT pd= ok=1
Cmd: compileSnippet
  api=4 type=0 insize=3457 outsize=2403 kw=DIRECTIONAL pd= ok=1
Cmd: compileSnippet
  api=4 type=1 insize=3457 outsize=2419 kw=DIRECTIONAL pd= ok=1
Cmd: preprocess
  insize=10982 outsize=4568 ok=1
Cmd: preprocess
  insize=11741 outsize=4975 ok=1
Cmd: compileSnippet
  api=4 type=0 insize=3776 outsize=2403 kw=DIRECTIONAL SHADOWS_OFF LIGHTMAP_OFF DIRLIGHTMAP_OFF DYNAMICLIGHTMAP_OFF pd= ok=1
Cmd: compileSnippet
  api=4 type=1 insize=3776 outsize=2980 kw=DIRECTIONAL SHADOWS_OFF LIGHTMAP_OFF DIRLIGHTMAP_OFF DYNAMICLIGHTMAP_OFF pd= ok=1
Cmd: compileSnippet
  api=4 type=0 insize=3634 outsize=2858 kw=POINT pd= ok=1
Cmd: compileSnippet
  api=4 type=1 insize=3634 outsize=3013 kw=POINT pd= ok=1
Cmd: compileSnippet
  api=4 type=0 insize=3634 outsize=2403 kw=DIRECTIONAL pd= ok=1
Cmd: compileSnippet
  api=4 type=1 insize=3634 outsize=2696 kw=DIRECTIONAL pd= ok=1
Cmd: preprocess
  insize=11745 outsize=4979 ok=1
Cmd: preprocess
  insize=11745 outsize=4979 ok=1
Cmd: preprocess
  insize=10885 outsize=4977 ok=1
Cmd: compileSnippet
  api=4 type=0 insize=3346 outsize=2403 kw=DIRECTIONAL SHADOWS_OFF LIGHTMAP_OFF DIRLIGHTMAP_OFF DYNAMICLIGHTMAP_OFF pd= ok=1
Cmd: compileSnippet
  api=4 type=1 insize=3346 outsize=2241 kw=DIRECTIONAL SHADOWS_OFF LIGHTMAP_OFF DIRLIGHTMAP_OFF DYNAMICLIGHTMAP_OFF pd= ok=1
Cmd: compileSnippet
  api=4 type=0 insize=3204 outsize=2858 kw=POINT pd= ok=1
Cmd: compileSnippet
  api=4 type=1 insize=3204 outsize=2273 kw=POINT pd= ok=1
Cmd: compileSnippet
  api=4 type=0 insize=3204 outsize=2403 kw=DIRECTIONAL pd= ok=1
Cmd: compileSnippet
  api=4 type=1 insize=3204 outsize=1956 kw=DIRECTIONAL pd= ok=1
Cmd: preprocess
  insize=10885 outsize=4977 ok=1
Cmd: preprocess
  insize=11745 outsize=4979 ok=1
Cmd: preprocess
  insize=996 outsize=1278 ok=1
Cmd: preprocess
  insize=2430 outsize=1409 ok=1
Cmd: preprocess
  insize=7964 outsize=2821 ok=1
Cmd: compileSnippet
  api=4 type=0 insize=2951 outsize=2403 kw=DIRECTIONAL SHADOWS_OFF LIGHTMAP_OFF DIRLIGHTMAP_OFF DYNAMICLIGHTMAP_OFF pd= ok=1
Cmd: compileSnippet
  api=4 type=1 insize=2951 outsize=1639 kw=DIRECTIONAL SHADOWS_OFF LIGHTMAP_OFF DIRLIGHTMAP_OFF DYNAMICLIGHTMAP_OFF pd= ok=1
Cmd: compileSnippet
  api=4 type=0 insize=2867 outsize=2858 kw=POINT SHADOWS_OFF pd= ok=1
Cmd: compileSnippet
  api=4 type=1 insize=2867 outsize=1932 kw=POINT SHADOWS_OFF pd= ok=1
Cmd: compileSnippet
  api=4 type=0 insize=2867 outsize=2403 kw=DIRECTIONAL SHADOWS_OFF pd= ok=1
Cmd: compileSnippet
  api=4 type=1 insize=2867 outsize=1615 kw=DIRECTIONAL SHADOWS_OFF pd= ok=1
Cmd: preprocess
  insize=9660 outsize=2890 ok=1
Cmd: compileSnippet
  api=4 type=0 insize=3764 outsize=3451 kw=DIRECTIONAL SHADOWS_OFF LIGHTMAP_OFF DIRLIGHTMAP_OFF DYNAMICLIGHTMAP_OFF pd= ok=1
Cmd: compileSnippet
  api=4 type=1 insize=3764 outsize=2704 kw=DIRECTIONAL SHADOWS_OFF LIGHTMAP_OFF DIRLIGHTMAP_OFF DYNAMICLIGHTMAP_OFF pd= ok=1
Cmd: compileSnippet
  api=4 type=0 insize=3682 outsize=3906 kw=POINT SHADOWS_OFF pd= ok=1
Cmd: compileSnippet
  api=4 type=1 insize=3682 outsize=2996 kw=POINT SHADOWS_OFF pd= ok=1
Cmd: compileSnippet
  api=4 type=0 insize=3682 outsize=3451 kw=DIRECTIONAL SHADOWS_OFF pd= ok=1
Cmd: compileSnippet
  api=4 type=1 insize=3682 outsize=2679 kw=DIRECTIONAL SHADOWS_OFF pd= ok=1
Cmd: preprocess
  insize=10051 outsize=2962 ok=1
Cmd: compileSnippet
  api=4 type=0 insize=4010 outsize=3451 kw=DIRECTIONAL SHADOWS_OFF LIGHTMAP_OFF DIRLIGHTMAP_OFF DYNAMICLIGHTMAP_OFF pd= ok=1
Cmd: compileSnippet
  api=4 type=1 insize=4010 outsize=2939 kw=DIRECTIONAL SHADOWS_OFF LIGHTMAP_OFF DIRLIGHTMAP_OFF DYNAMICLIGHTMAP_OFF pd= ok=1
Cmd: compileSnippet
  api=4 type=0 insize=3754 outsize=3906 kw=POINT SHADOWS_OFF pd= ok=1
Cmd: compileSnippet
  api=4 type=1 insize=3754 outsize=2996 kw=POINT SHADOWS_OFF pd= ok=1
Cmd: compileSnippet
  api=4 type=0 insize=3754 outsize=3451 kw=DIRECTIONAL SHADOWS_OFF pd= ok=1
Cmd: compileSnippet
  api=4 type=1 insize=3754 outsize=2679 kw=DIRECTIONAL SHADOWS_OFF pd= ok=1
Cmd: preprocess
  insize=10475 outsize=3163 ok=1
Cmd: compileSnippet
  api=4 type=0 insize=4035 outsize=3451 kw=DIRECTIONAL SHADOWS_OFF LIGHTMAP_OFF DIRLIGHTMAP_OFF DYNAMICLIGHTMAP_OFF pd= ok=1
Cmd: compileSnippet
  api=4 type=1 insize=4035 outsize=3159 kw=DIRECTIONAL SHADOWS_OFF LIGHTMAP_OFF DIRLIGHTMAP_OFF DYNAMICLIGHTMAP_OFF pd= ok=1
Cmd: compileSnippet
  api=4 type=0 insize=3921 outsize=3906 kw=POINT pd= ok=1
Cmd: compileSnippet
  api=4 type=1 insize=3921 outsize=3273 kw=POINT pd= ok=1
Cmd: compileSnippet
  api=4 type=0 insize=3921 outsize=3451 kw=DIRECTIONAL pd= ok=1
Cmd: compileSnippet
  api=4 type=1 insize=3921 outsize=2956 kw=DIRECTIONAL pd= ok=1
Cmd: preprocess
  insize=10519 outsize=3208 ok=1
Cmd: compileSnippet
  api=4 type=0 insize=4035 outsize=3451 kw=DIRECTIONAL SHADOWS_OFF LIGHTMAP_OFF DIRLIGHTMAP_OFF DYNAMICLIGHTMAP_OFF pd= ok=1
Cmd: compileSnippet
  api=4 type=1 insize=4035 outsize=3159 kw=DIRECTIONAL SHADOWS_OFF LIGHTMAP_OFF DIRLIGHTMAP_OFF DYNAMICLIGHTMAP_OFF pd= ok=1
Cmd: compileSnippet
  api=4 type=0 insize=3921 outsize=3906 kw=POINT pd= ok=1
Cmd: compileSnippet
  api=4 type=1 insize=3921 outsize=3273 kw=POINT pd= ok=1
Cmd: compileSnippet
  api=4 type=0 insize=3921 outsize=3451 kw=DIRECTIONAL pd= ok=1
Cmd: compileSnippet
  api=4 type=1 insize=3921 outsize=2956 kw=DIRECTIONAL pd= ok=1
Cmd: preprocess
  insize=12901 outsize=4079 ok=1
Cmd: compileSnippet
  api=4 type=0 insize=4141 outsize=3451 kw=DIRECTIONAL SHADOWS_OFF LIGHTMAP_OFF DIRLIGHTMAP_OFF DYNAMICLIGHTMAP_OFF pd= ok=1
Cmd: compileSnippet
  api=4 type=1 insize=4141 outsize=3321 kw=DIRECTIONAL SHADOWS_OFF LIGHTMAP_OFF DIRLIGHTMAP_OFF DYNAMICLIGHTMAP_OFF pd= ok=1
Cmd: compileSnippet
  api=4 type=0 insize=4027 outsize=3906 kw=POINT pd= ok=1
Cmd: compileSnippet
  api=4 type=1 insize=4027 outsize=3435 kw=POINT pd= ok=1
Cmd: compileSnippet
  api=4 type=0 insize=1639 outsize=1388 kw=SHADOWS_DEPTH pd= ok=1
Cmd: compileSnippet
  api=4 type=1 insize=1639 outsize=981 kw=SHADOWS_DEPTH pd= ok=1
Cmd: compileSnippet
  api=4 type=0 insize=4027 outsize=3451 kw=DIRECTIONAL pd= ok=1
Cmd: compileSnippet
  api=4 type=1 insize=4027 outsize=3118 kw=DIRECTIONAL pd= ok=1
Cmd: preprocess
  insize=12901 outsize=4079 ok=1
Cmd: preprocess
  insize=12901 outsize=4079 ok=1
Cmd: compileSnippet
  api=4 type=0 insize=4141 outsize=3451 kw=DIRECTIONAL SHADOWS_OFF LIGHTMAP_OFF DIRLIGHTMAP_OFF DYNAMICLIGHTMAP_OFF pd= ok=1
Cmd: compileSnippet
  api=4 type=1 insize=4141 outsize=3378 kw=DIRECTIONAL SHADOWS_OFF LIGHTMAP_OFF DIRLIGHTMAP_OFF DYNAMICLIGHTMAP_OFF pd= ok=1
Cmd: compileSnippet
  api=4 type=0 insize=4027 outsize=3906 kw=POINT pd= ok=1
Cmd: compileSnippet
  api=4 type=1 insize=4027 outsize=3492 kw=POINT pd= ok=1
Cmd: compileSnippet
  api=4 type=0 insize=1639 outsize=1388 kw=SHADOWS_DEPTH pd= ok=1
Cmd: compileSnippet
  api=4 type=1 insize=1639 outsize=1038 kw=SHADOWS_DEPTH pd= ok=1
Cmd: compileSnippet
  api=4 type=0 insize=4027 outsize=3451 kw=DIRECTIONAL pd= ok=1
Cmd: compileSnippet
  api=4 type=1 insize=4027 outsize=3175 kw=DIRECTIONAL pd= ok=1
Cmd: preprocess
  insize=12901 outsize=4079 ok=1
Cmd: preprocess
  insize=12901 outsize=4079 ok=1
Cmd: preprocess
  insize=12901 outsize=4079 ok=1
Cmd: preprocess
  insize=12770 outsize=3976 ok=1
Cmd: compileSnippet
  api=4 type=0 insize=4132 outsize=3451 kw=DIRECTIONAL SHADOWS_OFF LIGHTMAP_OFF DIRLIGHTMAP_OFF DYNAMICLIGHTMAP_OFF pd= ok=1
Cmd: compileSnippet
  api=4 type=1 insize=4132 outsize=3321 kw=DIRECTIONAL SHADOWS_OFF LIGHTMAP_OFF DIRLIGHTMAP_OFF DYNAMICLIGHTMAP_OFF pd= ok=1
Cmd: compileSnippet
  api=4 type=0 insize=4018 outsize=3906 kw=POINT pd= ok=1
Cmd: compileSnippet
  api=4 type=1 insize=4018 outsize=3435 kw=POINT pd= ok=1
Cmd: compileSnippet
  api=4 type=0 insize=1630 outsize=1388 kw=SHADOWS_DEPTH pd= ok=1
Cmd: compileSnippet
  api=4 type=1 insize=1630 outsize=981 kw=SHADOWS_DEPTH pd= ok=1
Cmd: compileSnippet
  api=4 type=0 insize=4018 outsize=3451 kw=DIRECTIONAL pd= ok=1
Cmd: compileSnippet
  api=4 type=1 insize=4018 outsize=3118 kw=DIRECTIONAL pd= ok=1
Cmd: preprocess
  insize=12760 outsize=3977 ok=1
Cmd: compileSnippet
  api=4 type=0 insize=4126 outsize=3451 kw=DIRECTIONAL SHADOWS_OFF LIGHTMAP_OFF DIRLIGHTMAP_OFF DYNAMICLIGHTMAP_OFF pd= ok=1
Cmd: compileSnippet
  api=4 type=1 insize=4126 outsize=3329 kw=DIRECTIONAL SHADOWS_OFF LIGHTMAP_OFF DIRLIGHTMAP_OFF DYNAMICLIGHTMAP_OFF pd= ok=1
Cmd: compileSnippet
  api=4 type=0 insize=4012 outsize=3906 kw=POINT pd= ok=1
Cmd: compileSnippet
  api=4 type=1 insize=4012 outsize=3443 kw=POINT pd= ok=1
Cmd: compileSnippet
  api=4 type=0 insize=4012 outsize=3451 kw=DIRECTIONAL pd= ok=1
Cmd: compileSnippet
  api=4 type=1 insize=4012 outsize=3126 kw=DIRECTIONAL pd= ok=1
Cmd: preprocess
  insize=13026 outsize=4082 ok=1
Cmd: compileSnippet
  api=4 type=0 insize=4180 outsize=3451 kw=DIRECTIONAL SHADOWS_OFF LIGHTMAP_OFF DIRLIGHTMAP_OFF DYNAMICLIGHTMAP_OFF pd= ok=1
Cmd: compileSnippet
  api=4 type=1 insize=4180 outsize=3329 kw=DIRECTIONAL SHADOWS_OFF LIGHTMAP_OFF DIRLIGHTMAP_OFF DYNAMICLIGHTMAP_OFF pd= ok=1
Cmd: compileSnippet
  api=4 type=0 insize=4066 outsize=3906 kw=POINT pd= ok=1
Cmd: compileSnippet
  api=4 type=1 insize=4066 outsize=3443 kw=POINT pd= ok=1
Cmd: compileSnippet
  api=4 type=0 insize=1684 outsize=1388 kw=SHADOWS_DEPTH pd= ok=1
Cmd: compileSnippet
  api=4 type=1 insize=1684 outsize=981 kw=SHADOWS_DEPTH pd= ok=1
Cmd: compileSnippet
  api=4 type=0 insize=4066 outsize=3451 kw=DIRECTIONAL pd= ok=1
Cmd: compileSnippet
  api=4 type=1 insize=4066 outsize=3126 kw=DIRECTIONAL pd= ok=1
Cmd: preprocess
  insize=13026 outsize=4082 ok=1
Cmd: preprocess
  insize=13026 outsize=4082 ok=1
Cmd: preprocess
  insize=13026 outsize=4082 ok=1
Cmd: preprocess
  insize=13034 outsize=4090 ok=1
Cmd: preprocess
  insize=12899 outsize=4089 ok=1
Cmd: compileSnippet
  api=4 type=0 insize=4135 outsize=3451 kw=DIRECTIONAL SHADOWS_OFF LIGHTMAP_OFF DIRLIGHTMAP_OFF DYNAMICLIGHTMAP_OFF pd= ok=1
Cmd: compileSnippet
  api=4 type=1 insize=4135 outsize=3329 kw=DIRECTIONAL SHADOWS_OFF LIGHTMAP_OFF DIRLIGHTMAP_OFF DYNAMICLIGHTMAP_OFF pd= ok=1
Cmd: compileSnippet
  api=4 type=0 insize=4021 outsize=3906 kw=POINT pd= ok=1
Cmd: compileSnippet
  api=4 type=1 insize=4021 outsize=3443 kw=POINT pd= ok=1
Cmd: compileSnippet
  api=4 type=0 insize=4021 outsize=3451 kw=DIRECTIONAL pd= ok=1
Cmd: compileSnippet
  api=4 type=1 insize=4021 outsize=3126 kw=DIRECTIONAL pd= ok=1
Cmd: preprocess
  insize=12891 outsize=4081 ok=1
Cmd: preprocess
  insize=12891 outsize=4081 ok=1
Cmd: preprocess
  insize=14746 outsize=5189 ok=1
Cmd: compileSnippet
  api=4 type=0 insize=4718 outsize=3451 kw=DIRECTIONAL SHADOWS_OFF LIGHTMAP_OFF DIRLIGHTMAP_OFF DYNAMICLIGHTMAP_OFF pd= ok=1
Cmd: compileSnippet
  api=4 type=1 insize=4718 outsize=4085 kw=DIRECTIONAL SHADOWS_OFF LIGHTMAP_OFF DIRLIGHTMAP_OFF DYNAMICLIGHTMAP_OFF pd= ok=1
Cmd: compileSnippet
  api=4 type=0 insize=4182 outsize=3906 kw=POINT pd= ok=1
Cmd: compileSnippet
  api=4 type=1 insize=4182 outsize=3443 kw=POINT pd= ok=1
Cmd: compileSnippet
  api=4 type=0 insize=1643 outsize=1388 kw=SHADOWS_DEPTH pd= ok=1
Cmd: compileSnippet
  api=4 type=1 insize=1643 outsize=981 kw=SHADOWS_DEPTH pd= ok=1
Cmd: compileSnippet
  api=4 type=0 insize=4182 outsize=3451 kw=DIRECTIONAL pd= ok=1
Cmd: compileSnippet
  api=4 type=1 insize=4182 outsize=3126 kw=DIRECTIONAL pd= ok=1
Cmd: preprocess
  insize=14814 outsize=5210 ok=1
Cmd: compileSnippet
  api=4 type=0 insize=4764 outsize=3451 kw=DIRECTIONAL SHADOWS_OFF LIGHTMAP_OFF DIRLIGHTMAP_OFF DYNAMICLIGHTMAP_OFF pd= ok=1
Cmd: compileSnippet
  api=4 type=1 insize=4764 outsize=4085 kw=DIRECTIONAL SHADOWS_OFF LIGHTMAP_OFF DIRLIGHTMAP_OFF DYNAMICLIGHTMAP_OFF pd= ok=1
Cmd: compileSnippet
  api=4 type=0 insize=4182 outsize=3906 kw=POINT pd= ok=1
Cmd: compileSnippet
  api=4 type=1 insize=4182 outsize=3443 kw=POINT pd= ok=1
Cmd: compileSnippet
  api=4 type=0 insize=1643 outsize=1388 kw=SHADOWS_DEPTH pd= ok=1
Cmd: compileSnippet
  api=4 type=1 insize=1643 outsize=981 kw=SHADOWS_DEPTH pd= ok=1
Cmd: compileSnippet
  api=4 type=0 insize=4182 outsize=3451 kw=DIRECTIONAL pd= ok=1
Cmd: compileSnippet
  api=4 type=1 insize=4182 outsize=3126 kw=DIRECTIONAL pd= ok=1
Cmd: preprocess
  insize=14910 outsize=5300 ok=1
Cmd: compileSnippet
  api=4 type=0 insize=4770 outsize=3451 kw=DIRECTIONAL SHADOWS_OFF LIGHTMAP_OFF DIRLIGHTMAP_OFF DYNAMICLIGHTMAP_OFF pd= ok=1
Cmd: compileSnippet
  api=4 type=1 insize=4770 outsize=4142 kw=DIRECTIONAL SHADOWS_OFF LIGHTMAP_OFF DIRLIGHTMAP_OFF DYNAMICLIGHTMAP_OFF pd= ok=1
Cmd: preprocess
  insize=15034 outsize=5424 ok=1
Cmd: compileSnippet
  api=4 type=0 insize=4770 outsize=3451 kw=DIRECTIONAL SHADOWS_OFF LIGHTMAP_OFF DIRLIGHTMAP_OFF DYNAMICLIGHTMAP_OFF pd= ok=1
Cmd: compileSnippet
  api=4 type=1 insize=4770 outsize=4142 kw=DIRECTIONAL SHADOWS_OFF LIGHTMAP_OFF DIRLIGHTMAP_OFF DYNAMICLIGHTMAP_OFF pd= ok=1
